
> apecc-site@1.0.0 build
> next build

  ▲ Next.js 14.2.5
  - Environments: .env.local

   Creating an optimized production build ...
 ✓ Compiled successfully
   Linting and checking validity of types ...
   Collecting page data ...

> Build error occurred
Error: Page "/admin/editais/[id]" is missing "generateStaticParams()" so it cannot be used with "output: export" config.
    at C:\Users\helio\Downloads\APECC_v3.7.2_PRODUCTION\node_modules\next\dist\build\index.js:1294:59
    at process.processTicksAndRejections (node:internal/process/task_queues:105:5)
    at async Span.traceAsyncFn (C:\Users\helio\Downloads\APECC_v3.7.2_PRODUCTION\node_modules\next\dist\trace\trace.js:154:20)
    at async Promise.all (index 5)
    at async C:\Users\helio\Downloads\APECC_v3.7.2_PRODUCTION\node_modules\next\dist\build\index.js:1172:17
    at async Span.traceAsyncFn (C:\Users\helio\Downloads\APECC_v3.7.2_PRODUCTION\node_modules\next\dist\trace\trace.js:154:20)
    at async C:\Users\helio\Downloads\APECC_v3.7.2_PRODUCTION\node_modules\next\dist\build\index.js:1095:124
    at async Span.traceAsyncFn (C:\Users\helio\Downloads\APECC_v3.7.2_PRODUCTION\node_modules\next\dist\trace\trace.js:154:20)
    at async build (C:\Users\helio\Downloads\APECC_v3.7.2_PRODUCTION\node_modules\next\dist\build\index.js:366:9)
npm error Lifecycle script `build` failed with error:
npm error code 1
npm error path C:\Users\helio\Downloads\APECC_v3.7.2_PRODUCTION\public_site
npm error workspace apecc-site@1.0.0
npm error location C:\Users\helio\Downloads\APECC_v3.7.2_PRODUCTION\public_site
npm error command failed
npm error command C:\WINDOWS\system32\cmd.exe /d /s /c next build
